This is pdfTeX, Version 3.141592653-2.6-1.40.25 (TeX Live 2023/Debian) (preloaded format=pdflatex 2026.4.23)  23 APR 2026 03:09
entering extended mode
 restricted \write18 enabled.
 %&-line parsing enabled.
**main.tex
(./main.tex
LaTeX2e <2023-11-01> patch level 1
L3 programming layer <2024-01-22>
(/usr/share/texlive/texmf-dist/tex/latex/base/article.cls
Document Class: article 2023/05/17 v1.4n Standard LaTeX document class
(/usr/share/texlive/texmf-dist/tex/latex/base/size12.clo
File: size12.clo 2023/05/17 v1.4n Standard LaTeX file (size option)
)
\c@part=\count187
\c@section=\count188
\c@subsection=\count189
\c@subsubsection=\count190
\c@paragraph=\count191
\c@subparagraph=\count192
\c@figure=\count193
\c@table=\count194
\abovecaptionskip=\skip48
\belowcaptionskip=\skip49
\bibindent=\dimen140
)
(/usr/share/texlive/texmf-dist/tex/latex/base/inputenc.sty
Package: inputenc 2021/02/14 v1.3d Input encoding file
\inpenc@prehook=\toks17
\inpenc@posthook=\toks18
)
(/usr/share/texlive/texmf-dist/tex/latex/base/fontenc.sty
Package: fontenc 2021/04/29 v2.0v Standard LaTeX package
)
(/usr/share/texmf/tex/latex/lm/lmodern.sty
Package: lmodern 2015/05/01 v1.6.1 Latin Modern Fonts
LaTeX Font Info:    Overwriting symbol font `operators' in version `normal'
(Font)                  OT1/cmr/m/n --> OT1/lmr/m/n on input line 22.
LaTeX Font Info:    Overwriting symbol font `letters' in version `normal'
(Font)                  OML/cmm/m/it --> OML/lmm/m/it on input line 23.
LaTeX Font Info:    Overwriting symbol font `symbols' in version `normal'
(Font)                  OMS/cmsy/m/n --> OMS/lmsy/m/n on input line 24.
LaTeX Font Info:    Overwriting symbol font `largesymbols' in version `normal'
(Font)                  OMX/cmex/m/n --> OMX/lmex/m/n on input line 25.
LaTeX Font Info:    Overwriting symbol font `operators' in version `bold'
(Font)                  OT1/cmr/bx/n --> OT1/lmr/bx/n on input line 26.
LaTeX Font Info:    Overwriting symbol font `letters' in version `bold'
(Font)                  OML/cmm/b/it --> OML/lmm/b/it on input line 27.
LaTeX Font Info:    Overwriting symbol font `symbols' in version `bold'
(Font)                  OMS/cmsy/b/n --> OMS/lmsy/b/n on input line 28.
LaTeX Font Info:    Overwriting symbol font `largesymbols' in version `bold'
(Font)                  OMX/cmex/m/n --> OMX/lmex/m/n on input line 29.
LaTeX Font Info:    Overwriting math alphabet `\mathbf' in version `normal'
(Font)                  OT1/cmr/bx/n --> OT1/lmr/bx/n on input line 31.
LaTeX Font Info:    Overwriting math alphabet `\mathsf' in version `normal'
(Font)                  OT1/cmss/m/n --> OT1/lmss/m/n on input line 32.
LaTeX Font Info:    Overwriting math alphabet `\mathit' in version `normal'
(Font)                  OT1/cmr/m/it --> OT1/lmr/m/it on input line 33.
LaTeX Font Info:    Overwriting math alphabet `\mathtt' in version `normal'
(Font)                  OT1/cmtt/m/n --> OT1/lmtt/m/n on input line 34.
LaTeX Font Info:    Overwriting math alphabet `\mathbf' in version `bold'
(Font)                  OT1/cmr/bx/n --> OT1/lmr/bx/n on input line 35.
LaTeX Font Info:    Overwriting math alphabet `\mathsf' in version `bold'
(Font)                  OT1/cmss/bx/n --> OT1/lmss/bx/n on input line 36.
LaTeX Font Info:    Overwriting math alphabet `\mathit' in version `bold'
(Font)                  OT1/cmr/bx/it --> OT1/lmr/bx/it on input line 37.
LaTeX Font Info:    Overwriting math alphabet `\mathtt' in version `bold'
(Font)                  OT1/cmtt/m/n --> OT1/lmtt/m/n on input line 38.
)
(/usr/share/texlive/texmf-dist/tex/latex/amsmath/amsmath.sty
Package: amsmath 2023/05/13 v2.17o AMS math features
\@mathmargin=\skip50

For additional information on amsmath, use the `?' option.
(/usr/share/texlive/texmf-dist/tex/latex/amsmath/amstext.sty
Package: amstext 2021/08/26 v2.01 AMS text

(/usr/share/texlive/texmf-dist/tex/latex/amsmath/amsgen.sty
File: amsgen.sty 1999/11/30 v2.0 generic functions
\@emptytoks=\toks19
\ex@=\dimen141
))
(/usr/share/texlive/texmf-dist/tex/latex/amsmath/amsbsy.sty
Package: amsbsy 1999/11/29 v1.2d Bold Symbols
\pmbraise@=\dimen142
)
(/usr/share/texlive/texmf-dist/tex/latex/amsmath/amsopn.sty
Package: amsopn 2022/04/08 v2.04 operator names
)
\inf@bad=\count195
LaTeX Info: Redefining \frac on input line 234.
\uproot@=\count196
\leftroot@=\count197
LaTeX Info: Redefining \overline on input line 399.
LaTeX Info: Redefining \colon on input line 410.
\classnum@=\count198
\DOTSCASE@=\count199
LaTeX Info: Redefining \ldots on input line 496.
LaTeX Info: Redefining \dots on input line 499.
LaTeX Info: Redefining \cdots on input line 620.
\Mathstrutbox@=\box51
\strutbox@=\box52
LaTeX Info: Redefining \big on input line 722.
LaTeX Info: Redefining \Big on input line 723.
LaTeX Info: Redefining \bigg on input line 724.
LaTeX Info: Redefining \Bigg on input line 725.
\big@size=\dimen143
LaTeX Font Info:    Redeclaring font encoding OML on input line 743.
LaTeX Font Info:    Redeclaring font encoding OMS on input line 744.
\macc@depth=\count266
LaTeX Info: Redefining \bmod on input line 905.
LaTeX Info: Redefining \pmod on input line 910.
LaTeX Info: Redefining \smash on input line 940.
LaTeX Info: Redefining \relbar on input line 970.
LaTeX Info: Redefining \Relbar on input line 971.
\c@MaxMatrixCols=\count267
\dotsspace@=\muskip16
\c@parentequation=\count268
\dspbrk@lvl=\count269
\tag@help=\toks20
\row@=\count270
\column@=\count271
\maxfields@=\count272
\andhelp@=\toks21
\eqnshift@=\dimen144
\alignsep@=\dimen145
\tagshift@=\dimen146
\tagwidth@=\dimen147
\totwidth@=\dimen148
\lineht@=\dimen149
\@envbody=\toks22
\multlinegap=\skip51
\multlinetaggap=\skip52
\mathdisplay@stack=\toks23
LaTeX Info: Redefining \[ on input line 2953.
LaTeX Info: Redefining \] on input line 2954.
)
(/usr/share/texlive/texmf-dist/tex/latex/amsfonts/amssymb.sty
Package: amssymb 2013/01/14 v3.01 AMS font symbols

(/usr/share/texlive/texmf-dist/tex/latex/amsfonts/amsfonts.sty
Package: amsfonts 2013/01/14 v3.01 Basic AMSFonts support
\symAMSa=\mathgroup4
\symAMSb=\mathgroup5
LaTeX Font Info:    Redeclaring math symbol \hbar on input line 98.
LaTeX Font Info:    Overwriting math alphabet `\mathfrak' in version `bold'
(Font)                  U/euf/m/n --> U/euf/b/n on input line 106.
))
(/usr/share/texlive/texmf-dist/tex/latex/amscls/amsthm.sty
Package: amsthm 2020/05/29 v2.20.6
\thm@style=\toks24
\thm@bodyfont=\toks25
\thm@headfont=\toks26
\thm@notefont=\toks27
\thm@headpunct=\toks28
\thm@preskip=\skip53
\thm@postskip=\skip54
\thm@headsep=\skip55
\dth@everypar=\toks29
)
(/usr/share/texlive/texmf-dist/tex/latex/graphics/graphicx.sty
Package: graphicx 2021/09/16 v1.2d Enhanced LaTeX Graphics (DPC,SPQR)

(/usr/share/texlive/texmf-dist/tex/latex/graphics/keyval.sty
Package: keyval 2022/05/29 v1.15 key=value parser (DPC)
\KV@toks@=\toks30
)
(/usr/share/texlive/texmf-dist/tex/latex/graphics/graphics.sty
Package: graphics 2022/03/10 v1.4e Standard LaTeX Graphics (DPC,SPQR)

(/usr/share/texlive/texmf-dist/tex/latex/graphics/trig.sty
Package: trig 2021/08/11 v1.11 sin cos tan (DPC)
)
(/usr/share/texlive/texmf-dist/tex/latex/graphics-cfg/graphics.cfg
File: graphics.cfg 2016/06/04 v1.11 sample graphics configuration
)
Package graphics Info: Driver file: pdftex.def on input line 107.

(/usr/share/texlive/texmf-dist/tex/latex/graphics-def/pdftex.def
File: pdftex.def 2022/09/22 v1.2b Graphics/color driver for pdftex
))
\Gin@req@height=\dimen150
\Gin@req@width=\dimen151
)
(/usr/share/texlive/texmf-dist/tex/latex/caption/subcaption.sty
Package: subcaption 2023/07/28 v1.6b Sub-captions (AR)

(/usr/share/texlive/texmf-dist/tex/latex/caption/caption.sty
Package: caption 2023/08/05 v3.6o Customizing captions (AR)

(/usr/share/texlive/texmf-dist/tex/latex/caption/caption3.sty
Package: caption3 2023/07/31 v2.4d caption3 kernel (AR)
\caption@tempdima=\dimen152
\captionmargin=\dimen153
\caption@leftmargin=\dimen154
\caption@rightmargin=\dimen155
\caption@width=\dimen156
\caption@indent=\dimen157
\caption@parindent=\dimen158
\caption@hangindent=\dimen159
Package caption Info: Standard document class detected.
)
\c@caption@flags=\count273
\c@continuedfloat=\count274
)
Package caption Info: New subtype `subfigure' on input line 238.
\c@subfigure=\count275
Package caption Info: New subtype `subtable' on input line 238.
\c@subtable=\count276
)
(/usr/share/texlive/texmf-dist/tex/latex/booktabs/booktabs.sty
Package: booktabs 2020/01/12 v1.61803398 Publication quality tables
\heavyrulewidth=\dimen160
\lightrulewidth=\dimen161
\cmidrulewidth=\dimen162
\belowrulesep=\dimen163
\belowbottomsep=\dimen164
\aboverulesep=\dimen165
\abovetopsep=\dimen166
\cmidrulesep=\dimen167
\cmidrulekern=\dimen168
\defaultaddspace=\dimen169
\@cmidla=\count277
\@cmidlb=\count278
\@aboverulesep=\dimen170
\@belowrulesep=\dimen171
\@thisruleclass=\count279
\@lastruleclass=\count280
\@thisrulewidth=\dimen172
)
(/usr/share/texlive/texmf-dist/tex/latex/hyperref/hyperref.sty
Package: hyperref 2024-01-20 v7.01h Hypertext links for LaTeX

(/usr/share/texlive/texmf-dist/tex/generic/iftex/iftex.sty
Package: iftex 2022/02/03 v1.0f TeX engine tests
)
(/usr/share/texlive/texmf-dist/tex/latex/kvsetkeys/kvsetkeys.sty
Package: kvsetkeys 2022-10-05 v1.19 Key value parser (HO)
)
(/usr/share/texlive/texmf-dist/tex/generic/kvdefinekeys/kvdefinekeys.sty
Package: kvdefinekeys 2019-12-19 v1.6 Define keys (HO)
)
(/usr/share/texlive/texmf-dist/tex/generic/pdfescape/pdfescape.sty
Package: pdfescape 2019/12/09 v1.15 Implements pdfTeX's escape features (HO)

(/usr/share/texlive/texmf-dist/tex/generic/ltxcmds/ltxcmds.sty
Package: ltxcmds 2023-12-04 v1.26 LaTeX kernel commands for general use (HO)
)
(/usr/share/texlive/texmf-dist/tex/generic/pdftexcmds/pdftexcmds.sty
Package: pdftexcmds 2020-06-27 v0.33 Utility functions of pdfTeX for LuaTeX (HO
)

(/usr/share/texlive/texmf-dist/tex/generic/infwarerr/infwarerr.sty
Package: infwarerr 2019/12/03 v1.5 Providing info/warning/error messages (HO)
)
Package pdftexcmds Info: \pdf@primitive is available.
Package pdftexcmds Info: \pdf@ifprimitive is available.
Package pdftexcmds Info: \pdfdraftmode found.
))
(/usr/share/texlive/texmf-dist/tex/latex/hycolor/hycolor.sty
Package: hycolor 2020-01-27 v1.10 Color options for hyperref/bookmark (HO)
)
(/usr/share/texlive/texmf-dist/tex/latex/auxhook/auxhook.sty
Package: auxhook 2019-12-17 v1.6 Hooks for auxiliary files (HO)
)
(/usr/share/texlive/texmf-dist/tex/latex/hyperref/nameref.sty
Package: nameref 2023-11-26 v2.56 Cross-referencing by name of section

(/usr/share/texlive/texmf-dist/tex/latex/refcount/refcount.sty
Package: refcount 2019/12/15 v3.6 Data extraction from label references (HO)
)
(/usr/share/texlive/texmf-dist/tex/generic/gettitlestring/gettitlestring.sty
Package: gettitlestring 2019/12/15 v1.6 Cleanup title references (HO)

(/usr/share/texlive/texmf-dist/tex/latex/kvoptions/kvoptions.sty
Package: kvoptions 2022-06-15 v3.15 Key value format for package options (HO)
))
\c@section@level=\count281
)
(/usr/share/texlive/texmf-dist/tex/latex/etoolbox/etoolbox.sty
Package: etoolbox 2020/10/05 v2.5k e-TeX tools for LaTeX (JAW)
\etb@tempcnta=\count282
)
\@linkdim=\dimen173
\Hy@linkcounter=\count283
\Hy@pagecounter=\count284

(/usr/share/texlive/texmf-dist/tex/latex/hyperref/pd1enc.def
File: pd1enc.def 2024-01-20 v7.01h Hyperref: PDFDocEncoding definition (HO)
Now handling font encoding PD1 ...
... no UTF-8 mapping file for font encoding PD1
)
(/usr/share/texlive/texmf-dist/tex/generic/intcalc/intcalc.sty
Package: intcalc 2019/12/15 v1.3 Expandable calculations with integers (HO)
)
\Hy@SavedSpaceFactor=\count285

(/usr/share/texlive/texmf-dist/tex/latex/hyperref/puenc.def
File: puenc.def 2024-01-20 v7.01h Hyperref: PDF Unicode definition (HO)
Now handling font encoding PU ...
... no UTF-8 mapping file for font encoding PU
)
Package hyperref Info: Hyper figures OFF on input line 4179.
Package hyperref Info: Link nesting OFF on input line 4184.
Package hyperref Info: Hyper index ON on input line 4187.
Package hyperref Info: Plain pages OFF on input line 4194.
Package hyperref Info: Backreferencing OFF on input line 4199.
Package hyperref Info: Implicit mode ON; LaTeX internals redefined.
Package hyperref Info: Bookmarks ON on input line 4446.
\c@Hy@tempcnt=\count286

(/usr/share/texlive/texmf-dist/tex/latex/url/url.sty
\Urlmuskip=\muskip17
Package: url 2013/09/16  ver 3.4  Verb mode for urls, etc.
)
LaTeX Info: Redefining \url on input line 4784.
\XeTeXLinkMargin=\dimen174

(/usr/share/texlive/texmf-dist/tex/generic/bitset/bitset.sty
Package: bitset 2019/12/09 v1.3 Handle bit-vector datatype (HO)

(/usr/share/texlive/texmf-dist/tex/generic/bigintcalc/bigintcalc.sty
Package: bigintcalc 2019/12/15 v1.5 Expandable calculations on big integers (HO
)
))
\Fld@menulength=\count287
\Field@Width=\dimen175
\Fld@charsize=\dimen176
Package hyperref Info: Hyper figures OFF on input line 6063.
Package hyperref Info: Link nesting OFF on input line 6068.
Package hyperref Info: Hyper index ON on input line 6071.
Package hyperref Info: backreferencing OFF on input line 6078.
Package hyperref Info: Link coloring OFF on input line 6083.
Package hyperref Info: Link coloring with OCG OFF on input line 6088.
Package hyperref Info: PDF/A mode OFF on input line 6093.

(/usr/share/texlive/texmf-dist/tex/latex/base/atbegshi-ltx.sty
Package: atbegshi-ltx 2021/01/10 v1.0c Emulation of the original atbegshi
package with kernel methods
)
\Hy@abspage=\count288
\c@Item=\count289
\c@Hfootnote=\count290
)
Package hyperref Info: Driver (autodetected): hpdftex.

(/usr/share/texlive/texmf-dist/tex/latex/hyperref/hpdftex.def
File: hpdftex.def 2024-01-20 v7.01h Hyperref driver for pdfTeX

(/usr/share/texlive/texmf-dist/tex/latex/base/atveryend-ltx.sty
Package: atveryend-ltx 2020/08/19 v1.0a Emulation of the original atveryend pac
kage
with kernel methods
)
\Fld@listcount=\count291
\c@bookmark@seq@number=\count292

(/usr/share/texlive/texmf-dist/tex/latex/rerunfilecheck/rerunfilecheck.sty
Package: rerunfilecheck 2022-07-10 v1.10 Rerun checks for auxiliary files (HO)

(/usr/share/texlive/texmf-dist/tex/generic/uniquecounter/uniquecounter.sty
Package: uniquecounter 2019/12/15 v1.4 Provide unlimited unique counter (HO)
)
Package uniquecounter Info: New unique counter `rerunfilecheck' on input line 2
85.
)
\Hy@SectionHShift=\skip56
)
(/usr/share/texlive/texmf-dist/tex/latex/cleveref/cleveref.sty
Package: cleveref 2018/03/27 v0.21.4 Intelligent cross-referencing
Package cleveref Info: `hyperref' support loaded on input line 2370.
LaTeX Info: Redefining \cref on input line 2370.
LaTeX Info: Redefining \Cref on input line 2370.
LaTeX Info: Redefining \crefrange on input line 2370.
LaTeX Info: Redefining \Crefrange on input line 2370.
LaTeX Info: Redefining \cpageref on input line 2370.
LaTeX Info: Redefining \Cpageref on input line 2370.
LaTeX Info: Redefining \cpagerefrange on input line 2370.
LaTeX Info: Redefining \Cpagerefrange on input line 2370.
LaTeX Info: Redefining \labelcref on input line 2370.
LaTeX Info: Redefining \labelcpageref on input line 2370.
Package cleveref Info: `amsthm' support loaded on input line 3026.
)
(/usr/share/texlive/texmf-dist/tex/latex/xcolor/xcolor.sty
Package: xcolor 2023/11/15 v3.01 LaTeX color extensions (UK)

(/usr/share/texlive/texmf-dist/tex/latex/graphics-cfg/color.cfg
File: color.cfg 2016/01/02 v1.6 sample color configuration
)
Package xcolor Info: Driver file: pdftex.def on input line 274.

(/usr/share/texlive/texmf-dist/tex/latex/graphics/mathcolor.ltx)
Package xcolor Info: Model `cmy' substituted by `cmy0' on input line 1350.
Package xcolor Info: Model `hsb' substituted by `rgb' on input line 1354.
Package xcolor Info: Model `RGB' extended on input line 1366.
Package xcolor Info: Model `HTML' substituted by `rgb' on input line 1368.
Package xcolor Info: Model `Hsb' substituted by `hsb' on input line 1369.
Package xcolor Info: Model `tHsb' substituted by `hsb' on input line 1370.
Package xcolor Info: Model `HSB' substituted by `hsb' on input line 1371.
Package xcolor Info: Model `Gray' substituted by `gray' on input line 1372.
Package xcolor Info: Model `wave' substituted by `hsb' on input line 1373.
)
(/usr/share/texlive/texmf-dist/tex/latex/geometry/geometry.sty
Package: geometry 2020/01/02 v5.9 Page Geometry

(/usr/share/texlive/texmf-dist/tex/generic/iftex/ifvtex.sty
Package: ifvtex 2019/10/25 v1.7 ifvtex legacy package. Use iftex instead.
)
\Gm@cnth=\count293
\Gm@cntv=\count294
\c@Gm@tempcnt=\count295
\Gm@bindingoffset=\dimen177
\Gm@wd@mp=\dimen178
\Gm@odd@mp=\dimen179
\Gm@even@mp=\dimen180
\Gm@layoutwidth=\dimen181
\Gm@layoutheight=\dimen182
\Gm@layouthoffset=\dimen183
\Gm@layoutvoffset=\dimen184
\Gm@dimlist=\toks31
)
(/usr/share/texlive/texmf-dist/tex/latex/microtype/microtype.sty
Package: microtype 2023/03/13 v3.1a Micro-typographical refinements (RS)
\MT@toks=\toks32
\MT@tempbox=\box53
\MT@count=\count296
LaTeX Info: Redefining \noprotrusionifhmode on input line 1059.
LaTeX Info: Redefining \leftprotrusion on input line 1060.
\MT@prot@toks=\toks33
LaTeX Info: Redefining \rightprotrusion on input line 1078.
LaTeX Info: Redefining \textls on input line 1368.
\MT@outer@kern=\dimen185
LaTeX Info: Redefining \textmicrotypecontext on input line 1988.
\MT@listname@count=\count297

(/usr/share/texlive/texmf-dist/tex/latex/microtype/microtype-pdftex.def
File: microtype-pdftex.def 2023/03/13 v3.1a Definitions specific to pdftex (RS)

LaTeX Info: Redefining \lsstyle on input line 902.
LaTeX Info: Redefining \lslig on input line 902.
\MT@outer@space=\skip57
)
Package microtype Info: Loading configuration file microtype.cfg.

(/usr/share/texlive/texmf-dist/tex/latex/microtype/microtype.cfg
File: microtype.cfg 2023/03/13 v3.1a microtype main configuration file (RS)
))
(/usr/share/texlive/texmf-dist/tex/latex/enumitem/enumitem.sty
Package: enumitem 2019/06/20 v3.9 Customized lists
\labelindent=\skip58
\enit@outerparindent=\dimen186
\enit@toks=\toks34
\enit@inbox=\box54
\enit@count@id=\count298
\enitdp@description=\count299
)
(/usr/share/texlive/texmf-dist/tex/latex/float/float.sty
Package: float 2001/11/08 v1.3d Float enhancements (AL)
\c@float@type=\count300
\float@exts=\toks35
\float@box=\box55
\@float@everytoks=\toks36
\@floatcapt=\box56
)
(/usr/share/texlive/texmf-dist/tex/latex/natbib/natbib.sty
Package: natbib 2010/09/13 8.31b (PWD, AO)
\bibhang=\skip59
\bibsep=\skip60
LaTeX Info: Redefining \cite on input line 694.
\c@NAT@ctr=\count301
)
LaTeX Font Info:    Trying to load font information for T1+lmr on input line 26
.

(/usr/share/texmf/tex/latex/lm/t1lmr.fd
File: t1lmr.fd 2015/05/01 v1.6.1 Font defs for Latin Modern
)
(/usr/share/texlive/texmf-dist/tex/latex/l3backend/l3backend-pdftex.def
File: l3backend-pdftex.def 2024-01-04 L3 backend support: PDF output (pdfTeX)
\l__color_backend_stack_int=\count302
\l__pdf_internal_box=\box57
)
(./main.aux)
\openout1 = `main.aux'.

LaTeX Font Info:    Checking defaults for OML/cmm/m/it on input line 26.
LaTeX Font Info:    ... okay on input line 26.
LaTeX Font Info:    Checking defaults for OMS/cmsy/m/n on input line 26.
LaTeX Font Info:    ... okay on input line 26.
LaTeX Font Info:    Checking defaults for OT1/cmr/m/n on input line 26.
LaTeX Font Info:    ... okay on input line 26.
LaTeX Font Info:    Checking defaults for T1/cmr/m/n on input line 26.
LaTeX Font Info:    ... okay on input line 26.
LaTeX Font Info:    Checking defaults for TS1/cmr/m/n on input line 26.
LaTeX Font Info:    ... okay on input line 26.
LaTeX Font Info:    Checking defaults for OMX/cmex/m/n on input line 26.
LaTeX Font Info:    ... okay on input line 26.
LaTeX Font Info:    Checking defaults for U/cmr/m/n on input line 26.
LaTeX Font Info:    ... okay on input line 26.
LaTeX Font Info:    Checking defaults for PD1/pdf/m/n on input line 26.
LaTeX Font Info:    ... okay on input line 26.
LaTeX Font Info:    Checking defaults for PU/pdf/m/n on input line 26.
LaTeX Font Info:    ... okay on input line 26.
 (/usr/share/texlive/texmf-dist/tex/context/base/mkii/supp-pdf.mkii
[Loading MPS to PDF converter (version 2006.09.02).]
\scratchcounter=\count303
\scratchdimen=\dimen187
\scratchbox=\box58
\nofMPsegments=\count304
\nofMParguments=\count305
\everyMPshowfont=\toks37
\MPscratchCnt=\count306
\MPscratchDim=\dimen188
\MPnumerator=\count307
\makeMPintoPDFobject=\count308
\everyMPtoPDFconversion=\toks38
) (/usr/share/texlive/texmf-dist/tex/latex/epstopdf-pkg/epstopdf-base.sty
Package: epstopdf-base 2020-01-24 v2.11 Base part for package epstopdf

(/usr/share/texlive/texmf-dist/tex/latex/grfext/grfext.sty
Package: grfext 2019/12/03 v1.3 Manage graphics extensions (HO)
)
Package epstopdf-base Info: Redefining graphics rule for `.eps' on input line 4
85.
Package grfext Info: Graphics extension search list:
(grfext)             [.pdf,.png,.jpg,.mps,.jpeg,.jbig2,.jb2,.PDF,.PNG,.JPG,.JPE
G,.JBIG2,.JB2,.eps]
(grfext)             \AppendGraphicsExtensions on input line 504.

(/usr/share/texlive/texmf-dist/tex/latex/latexconfig/epstopdf-sys.cfg
File: epstopdf-sys.cfg 2010/07/13 v1.3 Configuration of (r)epstopdf for TeX Liv
e
))
Package caption Info: Begin \AtBeginDocument code.
Package caption Info: float package is loaded.
Package caption Info: hyperref package is loaded.
Package caption Info: End \AtBeginDocument code.
Package hyperref Info: Link coloring OFF on input line 26.

(./main.out) (./main.out)
\@outlinefile=\write3
\openout3 = `main.out'.


*geometry* driver: auto-detecting
*geometry* detected driver: pdftex
*geometry* verbose mode - [ preamble ] result:
* driver: pdftex
* paper: a4paper
* layout: <same size as paper>
* layoutoffset:(h,v)=(0.0pt,0.0pt)
* modes: 
* h-part:(L,W,R)=(71.13188pt, 455.24411pt, 71.13188pt)
* v-part:(T,H,B)=(71.13188pt, 702.78308pt, 71.13188pt)
* \paperwidth=597.50787pt
* \paperheight=845.04684pt
* \textwidth=455.24411pt
* \textheight=702.78308pt
* \oddsidemargin=-1.1381pt
* \evensidemargin=-1.1381pt
* \topmargin=-38.1381pt
* \headheight=12.0pt
* \headsep=25.0pt
* \topskip=12.0pt
* \footskip=30.0pt
* \marginparwidth=35.0pt
* \marginparsep=10.0pt
* \columnsep=10.0pt
* \skip\footins=10.8pt plus 4.0pt minus 2.0pt
* \hoffset=0.0pt
* \voffset=0.0pt
* \mag=1000
* \@twocolumnfalse
* \@twosidefalse
* \@mparswitchfalse
* \@reversemarginfalse
* (1in=72.27pt=25.4mm, 1cm=28.453pt)

LaTeX Info: Redefining \microtypecontext on input line 26.
Package microtype Info: Applying patch `item' on input line 26.
Package microtype Info: Applying patch `toc' on input line 26.
Package microtype Info: Applying patch `eqnum' on input line 26.
Package microtype Info: Applying patch `footnote' on input line 26.
Package microtype Info: Applying patch `verbatim' on input line 26.
Package microtype Info: Generating PDF output.
Package microtype Info: Character protrusion enabled (level 2).
Package microtype Info: Using default protrusion set `alltext'.
Package microtype Info: Automatic font expansion enabled (level 2),
(microtype)             stretch: 20, shrink: 20, step: 1, non-selected.
Package microtype Info: Using default expansion set `alltext-nott'.
LaTeX Info: Redefining \showhyphens on input line 26.
Package microtype Info: No adjustment of tracking.
Package microtype Info: No adjustment of interword spacing.
Package microtype Info: No adjustment of character kerning.
(/usr/share/texlive/texmf-dist/tex/latex/microtype/mt-cmr.cfg
File: mt-cmr.cfg 2013/05/19 v2.2 microtype config. file: Computer Modern Roman 
(RS)
)
LaTeX Font Info:    Trying to load font information for OT1+lmr on input line 2
8.

(/usr/share/texmf/tex/latex/lm/ot1lmr.fd
File: ot1lmr.fd 2015/05/01 v1.6.1 Font defs for Latin Modern
)
LaTeX Font Info:    Trying to load font information for OML+lmm on input line 2
8.

(/usr/share/texmf/tex/latex/lm/omllmm.fd
File: omllmm.fd 2015/05/01 v1.6.1 Font defs for Latin Modern
)
LaTeX Font Info:    Trying to load font information for OMS+lmsy on input line 
28.

(/usr/share/texmf/tex/latex/lm/omslmsy.fd
File: omslmsy.fd 2015/05/01 v1.6.1 Font defs for Latin Modern
)
LaTeX Font Info:    Trying to load font information for OMX+lmex on input line 
28.

(/usr/share/texmf/tex/latex/lm/omxlmex.fd
File: omxlmex.fd 2015/05/01 v1.6.1 Font defs for Latin Modern
)
LaTeX Font Info:    External font `lmex10' loaded for size
(Font)              <14.4> on input line 28.
LaTeX Font Info:    External font `lmex10' loaded for size
(Font)              <10> on input line 28.
LaTeX Font Info:    External font `lmex10' loaded for size
(Font)              <7> on input line 28.
LaTeX Font Info:    Trying to load font information for U+msa on input line 28.


(/usr/share/texlive/texmf-dist/tex/latex/amsfonts/umsa.fd
File: umsa.fd 2013/01/14 v3.01 AMS symbols A
)
(/usr/share/texlive/texmf-dist/tex/latex/microtype/mt-msa.cfg
File: mt-msa.cfg 2006/02/04 v1.1 microtype config. file: AMS symbols (a) (RS)
)
LaTeX Font Info:    Trying to load font information for U+msb on input line 28.


(/usr/share/texlive/texmf-dist/tex/latex/amsfonts/umsb.fd
File: umsb.fd 2013/01/14 v3.01 AMS symbols B
)
(/usr/share/texlive/texmf-dist/tex/latex/microtype/mt-msb.cfg
File: mt-msb.cfg 2005/06/01 v1.0 microtype config. file: AMS symbols (b) (RS)
) (./main.toc
LaTeX Font Info:    External font `lmex10' loaded for size
(Font)              <12> on input line 3.
LaTeX Font Info:    External font `lmex10' loaded for size
(Font)              <8> on input line 3.
LaTeX Font Info:    External font `lmex10' loaded for size
(Font)              <6> on input line 3.

[1

{/var/lib/texmf/fonts/map/pdftex/updmap/pdftex.map}{/usr/share/texmf/fonts/enc/
dvips/lm/lm-ec.enc}])
\tf@toc=\write4
\openout4 = `main.toc'.

 [2] [3{/usr/share/texmf/fonts/enc/dvips/lm/lm-mathit.enc}{/usr/share/texmf/fon
ts/enc/dvips/lm/lm-rm.enc}{/usr/share/texmf/fonts/enc/dvips/lm/lm-mathsy.enc}{/
usr/share/texmf/fonts/enc/dvips/lm/lm-mathex.enc}]
LaTeX Font Info:    Trying to load font information for TS1+lmr on input line 8
8.

(/usr/share/texmf/tex/latex/lm/ts1lmr.fd
File: ts1lmr.fd 2015/05/01 v1.6.1 Font defs for Latin Modern
) [4{/usr/share/texmf/fonts/enc/dvips/lm/lm-ts1.enc}]
<figures/results_fc_tau_multin_pysr_figures_rho_vs_tau_real_vs_pysr_N_150.png, 
id=203, 520.344pt x 325.215pt>
File: figures/results_fc_tau_multin_pysr_figures_rho_vs_tau_real_vs_pysr_N_150.
png Graphic file (type png)
<use figures/results_fc_tau_multin_pysr_figures_rho_vs_tau_real_vs_pysr_N_150.p
ng>
Package pdftex.def Info: figures/results_fc_tau_multin_pysr_figures_rho_vs_tau_
real_vs_pysr_N_150.png  used on input line 105.
(pdftex.def)             Requested size: 145.68144pt x 91.04965pt.
<figures/results_er_tau_multin_pysr_figures_rho_vs_tau_real_vs_pysr_erdos_renyi
_N_150.png, id=205, 520.344pt x 325.215pt>
File: figures/results_er_tau_multin_pysr_figures_rho_vs_tau_real_vs_pysr_erdos_
renyi_N_150.png Graphic file (type png)
<use figures/results_er_tau_multin_pysr_figures_rho_vs_tau_real_vs_pysr_erdos_r
enyi_N_150.png>
Package pdftex.def Info: figures/results_er_tau_multin_pysr_figures_rho_vs_tau_
real_vs_pysr_erdos_renyi_N_150.png  used on input line 112.
(pdftex.def)             Requested size: 145.68144pt x 91.04965pt.
<figures/results_ba_tau_multin_pysr_figures_rho_vs_tau_real_vs_pysr_barabasi_al
bert_N_150.png, id=206, 520.344pt x 325.215pt>
File: figures/results_ba_tau_multin_pysr_figures_rho_vs_tau_real_vs_pysr_baraba
si_albert_N_150.png Graphic file (type png)
<use figures/results_ba_tau_multin_pysr_figures_rho_vs_tau_real_vs_pysr_barabas
i_albert_N_150.png>
Package pdftex.def Info: figures/results_ba_tau_multin_pysr_figures_rho_vs_tau_
real_vs_pysr_barabasi_albert_N_150.png  used on input line 119.
(pdftex.def)             Requested size: 145.68144pt x 91.04965pt.
 [5 <./figures/results_fc_tau_multin_pysr_figures_rho_vs_tau_real_vs_pysr_N_150
.png> <./figures/results_er_tau_multin_pysr_figures_rho_vs_tau_real_vs_pysr_erd
os_renyi_N_150.png> <./figures/results_ba_tau_multin_pysr_figures_rho_vs_tau_re
al_vs_pysr_barabasi_albert_N_150.png>] [6]
<figures/results_exp3_wl_cluster_placement_figures_wl_partition_evolution_barab
asi_albert_N300_m2.png, id=221, 966.009pt x 409.2891pt>
File: figures/results_exp3_wl_cluster_placement_figures_wl_partition_evolution_
barabasi_albert_N300_m2.png Graphic file (type png)
<use figures/results_exp3_wl_cluster_placement_figures_wl_partition_evolution_b
arabasi_albert_N300_m2.png>
Package pdftex.def Info: figures/results_exp3_wl_cluster_placement_figures_wl_p
artition_evolution_barabasi_albert_N300_m2.png  used on input line 173.
(pdftex.def)             Requested size: 218.51521pt x 92.57944pt.
<figures/results_exp3_wl_cluster_placement_figures_wl_partition_evolution_erdos
_renyi_N300_p002.png, id=222, 966.2499pt x 409.2891pt>
File: figures/results_exp3_wl_cluster_placement_figures_wl_partition_evolution_
erdos_renyi_N300_p002.png Graphic file (type png)
<use figures/results_exp3_wl_cluster_placement_figures_wl_partition_evolution_e
rdos_renyi_N300_p002.png>
Package pdftex.def Info: figures/results_exp3_wl_cluster_placement_figures_wl_p
artition_evolution_erdos_renyi_N300_p002.png  used on input line 180.
(pdftex.def)             Requested size: 218.51521pt x 92.5607pt.
 [7 <./figures/results_exp3_wl_cluster_placement_figures_wl_partition_evolution
_barabasi_albert_N300_m2.png> <./figures/results_exp3_wl_cluster_placement_figu
res_wl_partition_evolution_erdos_renyi_N300_p002.png>]
<figures/results_exp1_timeseries_and_convergence_figures_magnetization_timeseri
es_barabasi_albert_N500_m3_npos25_nneg25_regimeB_highest_degree_vs_random.png, 
id=234, 626.34pt x 336.7782pt>
File: figures/results_exp1_timeseries_and_convergence_figures_magnetization_tim
eseries_barabasi_albert_N500_m3_npos25_nneg25_regimeB_highest_degree_vs_random.
png Graphic file (type png)
<use figures/results_exp1_timeseries_and_convergence_figures_magnetization_time
series_barabasi_albert_N500_m3_npos25_nneg25_regimeB_highest_degree_vs_random.p
ng>
Package pdftex.def Info: figures/results_exp1_timeseries_and_convergence_figure
s_magnetization_timeseries_barabasi_albert_N500_m3_npos25_nneg25_regimeB_highes
t_degree_vs_random.png  used on input line 211.
(pdftex.def)             Requested size: 218.51521pt x 117.49385pt.
<figures/results_exp1_timeseries_and_convergence_figures_magnetization_timeseri
es_barabasi_albert_N500_m3_npos25_nneg25_regimeB_random_vs_random.png, id=235, 
626.34pt x 336.7782pt>
File: figures/results_exp1_timeseries_and_convergence_figures_magnetization_tim
eseries_barabasi_albert_N500_m3_npos25_nneg25_regimeB_random_vs_random.png Grap
hic file (type png)
<use figures/results_exp1_timeseries_and_convergence_figures_magnetization_time
series_barabasi_albert_N500_m3_npos25_nneg25_regimeB_random_vs_random.png>
Package pdftex.def Info: figures/results_exp1_timeseries_and_convergence_figure
s_magnetization_timeseries_barabasi_albert_N500_m3_npos25_nneg25_regimeB_random
_vs_random.png  used on input line 218.
(pdftex.def)             Requested size: 218.51521pt x 117.49385pt.
<figures/results_exp1_timeseries_and_convergence_figures_convergence_comparison
_all_strategies_barabasi_albert_N500_m3_npos25_nneg25_regimeB.png, id=236, 1243
.5258pt x 327.624pt>
File: figures/results_exp1_timeseries_and_convergence_figures_convergence_compa
rison_all_strategies_barabasi_albert_N500_m3_npos25_nneg25_regimeB.png Graphic 
file (type png)
<use figures/results_exp1_timeseries_and_convergence_figures_convergence_compar
ison_all_strategies_barabasi_albert_N500_m3_npos25_nneg25_regimeB.png>
Package pdftex.def Info: figures/results_exp1_timeseries_and_convergence_figure
s_convergence_comparison_all_strategies_barabasi_albert_N500_m3_npos25_nneg25_r
egimeB.png  used on input line 228.
(pdftex.def)             Requested size: 364.19667pt x 95.95335pt.
 [8 <./figures/results_exp1_timeseries_and_convergence_figures_magnetization_ti
meseries_barabasi_albert_N500_m3_npos25_nneg25_regimeB_highest_degree_vs_random
.png> <./figures/results_exp1_timeseries_and_convergence_figures_magnetization_
timeseries_barabasi_albert_N500_m3_npos25_nneg25_regimeB_random_vs_random.png>]
<figures/results_exp1_timeseries_and_convergence_figures_network_snapshots_smal
l_N50_seed42.png, id=250, 930.1149pt x 569.0058pt>
File: figures/results_exp1_timeseries_and_convergence_figures_network_snapshots
_small_N50_seed42.png Graphic file (type png)
<use figures/results_exp1_timeseries_and_convergence_figures_network_snapshots_
small_N50_seed42.png>
Package pdftex.def Info: figures/results_exp1_timeseries_and_convergence_figure
s_network_snapshots_small_N50_seed42.png  used on input line 235.
(pdftex.def)             Requested size: 364.19667pt x 222.79697pt.
<figures/results_exp2_phase_diagram_tipping_figures_phase_diagram_Pwin_barabasi
_albert_N800_m3_random_vs_random.png, id=251, 536.2434pt x 438.1971pt>
File: figures/results_exp2_phase_diagram_tipping_figures_phase_diagram_Pwin_bar
abasi_albert_N800_m3_random_vs_random.png Graphic file (type png)
<use figures/results_exp2_phase_diagram_tipping_figures_phase_diagram_Pwin_bara
basi_albert_N800_m3_random_vs_random.png>
Package pdftex.def Info: figures/results_exp2_phase_diagram_tipping_figures_pha
se_diagram_Pwin_barabasi_albert_N800_m3_random_vs_random.png  used on input lin
e 250.
(pdftex.def)             Requested size: 218.51521pt x 178.55872pt.
<figures/results_exp2_phase_diagram_tipping_figures_phase_diagram_Pwin_barabasi
_albert_N800_m3_highest_degree_vs_random.png, id=252, 536.2434pt x 438.1971pt>
File: figures/results_exp2_phase_diagram_tipping_figures_phase_diagram_Pwin_bar
abasi_albert_N800_m3_highest_degree_vs_random.png Graphic file (type png)
<use figures/results_exp2_phase_diagram_tipping_figures_phase_diagram_Pwin_bara
basi_albert_N800_m3_highest_degree_vs_random.png>
Package pdftex.def Info: figures/results_exp2_phase_diagram_tipping_figures_pha
se_diagram_Pwin_barabasi_albert_N800_m3_highest_degree_vs_random.png  used on i
nput line 257.
(pdftex.def)             Requested size: 218.51521pt x 178.55872pt.
 [9 <./figures/results_exp1_timeseries_and_convergence_figures_convergence_comp
arison_all_strategies_barabasi_albert_N500_m3_npos25_nneg25_regimeB.png> <./fig
ures/results_exp1_timeseries_and_convergence_figures_network_snapshots_small_N5
0_seed42.png>]
<figures/results_exp2_phase_diagram_tipping_figures_phase_diagram_Pwin_erdos_re
nyi_N800_p0015_random_vs_random.png, id=261, 536.2434pt x 438.1971pt>
File: figures/results_exp2_phase_diagram_tipping_figures_phase_diagram_Pwin_erd
os_renyi_N800_p0015_random_vs_random.png Graphic file (type png)
<use figures/results_exp2_phase_diagram_tipping_figures_phase_diagram_Pwin_erdo
s_renyi_N800_p0015_random_vs_random.png>
Package pdftex.def Info: figures/results_exp2_phase_diagram_tipping_figures_pha
se_diagram_Pwin_erdos_renyi_N800_p0015_random_vs_random.png  used on input line
 269.
(pdftex.def)             Requested size: 218.51521pt x 178.55872pt.
<figures/results_exp2_phase_diagram_tipping_figures_phase_diagram_Pwin_erdos_re
nyi_N800_p0015_highest_degree_vs_random.png, id=262, 536.2434pt x 438.1971pt>
File: figures/results_exp2_phase_diagram_tipping_figures_phase_diagram_Pwin_erd
os_renyi_N800_p0015_highest_degree_vs_random.png Graphic file (type png)
<use figures/results_exp2_phase_diagram_tipping_figures_phase_diagram_Pwin_erdo
s_renyi_N800_p0015_highest_degree_vs_random.png>
Package pdftex.def Info: figures/results_exp2_phase_diagram_tipping_figures_pha
se_diagram_Pwin_erdos_renyi_N800_p0015_highest_degree_vs_random.png  used on in
put line 276.
(pdftex.def)             Requested size: 218.51521pt x 178.55872pt.
 [10 <./figures/results_exp2_phase_diagram_tipping_figures_phase_diagram_Pwin_b
arabasi_albert_N800_m3_random_vs_random.png> <./figures/results_exp2_phase_diag
ram_tipping_figures_phase_diagram_Pwin_barabasi_albert_N800_m3_highest_degree_v
s_random.png>]
<figures/results_exp2_phase_diagram_tipping_figures_tipping_boundary_comparison
_barabasi_albert_N800_m3.png, id=270, 568.524pt x 423.5022pt>
File: figures/results_exp2_phase_diagram_tipping_figures_tipping_boundary_compa
rison_barabasi_albert_N800_m3.png Graphic file (type png)
<use figures/results_exp2_phase_diagram_tipping_figures_tipping_boundary_compar
ison_barabasi_albert_N800_m3.png>
Package pdftex.def Info: figures/results_exp2_phase_diagram_tipping_figures_tip
ping_boundary_comparison_barabasi_albert_N800_m3.png  used on input line 288.
(pdftex.def)             Requested size: 218.51521pt x 162.7742pt.
<figures/results_exp2_phase_diagram_tipping_figures_tipping_boundary_comparison
_erdos_renyi_N800_p0015.png, id=271, 568.524pt x 423.5022pt>
File: figures/results_exp2_phase_diagram_tipping_figures_tipping_boundary_compa
rison_erdos_renyi_N800_p0015.png Graphic file (type png)
<use figures/results_exp2_phase_diagram_tipping_figures_tipping_boundary_compar
ison_erdos_renyi_N800_p0015.png>
Package pdftex.def Info: figures/results_exp2_phase_diagram_tipping_figures_tip
ping_boundary_comparison_erdos_renyi_N800_p0015.png  used on input line 295.
(pdftex.def)             Requested size: 218.51521pt x 162.7742pt.
 [11 <./figures/results_exp2_phase_diagram_tipping_figures_phase_diagram_Pwin_e
rdos_renyi_N800_p0015_random_vs_random.png> <./figures/results_exp2_phase_diagr
am_tipping_figures_phase_diagram_Pwin_erdos_renyi_N800_p0015_highest_degree_vs_
random.png>]
<figures/results_exp2_phase_diagram_tipping_figures_crossing_time_heatmap_erdos
_renyi_N800_p0015_highest_degree_vs_random.png, id=279, 545.6385pt x 437.9562pt
>
File: figures/results_exp2_phase_diagram_tipping_figures_crossing_time_heatmap_
erdos_renyi_N800_p0015_highest_degree_vs_random.png Graphic file (type png)
<use figures/results_exp2_phase_diagram_tipping_figures_crossing_time_heatmap_e
rdos_renyi_N800_p0015_highest_degree_vs_random.png>
Package pdftex.def Info: figures/results_exp2_phase_diagram_tipping_figures_cro
ssing_time_heatmap_erdos_renyi_N800_p0015_highest_degree_vs_random.png  used on
 input line 305.
(pdftex.def)             Requested size: 364.19667pt x 292.32648pt.

[12 <./figures/results_exp2_phase_diagram_tipping_figures_tipping_boundary_comp
arison_barabasi_albert_N800_m3.png> <./figures/results_exp2_phase_diagram_tippi
ng_figures_tipping_boundary_comparison_erdos_renyi_N800_p0015.png>]
<figures/results_exp3_wl_cluster_placement_figures_strategy_comparison_bar_bara
basi_albert_N300_m2.png, id=287, 698.61pt x 366.4089pt>
File: figures/results_exp3_wl_cluster_placement_figures_strategy_comparison_bar
_barabasi_albert_N300_m2.png Graphic file (type png)
<use figures/results_exp3_wl_cluster_placement_figures_strategy_comparison_bar_
barabasi_albert_N300_m2.png>
Package pdftex.def Info: figures/results_exp3_wl_cluster_placement_figures_stra
tegy_comparison_bar_barabasi_albert_N300_m2.png  used on input line 324.
(pdftex.def)             Requested size: 218.51521pt x 114.60872pt.
<figures/results_exp3_wl_cluster_placement_figures_strategy_comparison_bar_erdo
s_renyi_N300_p002.png, id=288, 698.61pt x 366.4089pt>
File: figures/results_exp3_wl_cluster_placement_figures_strategy_comparison_bar
_erdos_renyi_N300_p002.png Graphic file (type png)
<use figures/results_exp3_wl_cluster_placement_figures_strategy_comparison_bar_
erdos_renyi_N300_p002.png>
Package pdftex.def Info: figures/results_exp3_wl_cluster_placement_figures_stra
tegy_comparison_bar_erdos_renyi_N300_p002.png  used on input line 331.
(pdftex.def)             Requested size: 218.51521pt x 114.60872pt.
 [13 <./figures/results_exp2_phase_diagram_tipping_figures_crossing_time_heatma
p_erdos_renyi_N800_p0015_highest_degree_vs_random.png>]
<figures/results_exp3_wl_cluster_placement_figures_strategy_vs_structural_featu
res_erdos_renyi_N300_p002.png, id=296, 785.0931pt x 568.7649pt>
File: figures/results_exp3_wl_cluster_placement_figures_strategy_vs_structural_
features_erdos_renyi_N300_p002.png Graphic file (type png)
<use figures/results_exp3_wl_cluster_placement_figures_strategy_vs_structural_f
eatures_erdos_renyi_N300_p002.png>
Package pdftex.def Info: figures/results_exp3_wl_cluster_placement_figures_stra
tegy_vs_structural_features_erdos_renyi_N300_p002.png  used on input line 341.
(pdftex.def)             Requested size: 364.19667pt x 263.84808pt.
 [14 <./figures/results_exp3_wl_cluster_placement_figures_strategy_comparison_b
ar_barabasi_albert_N300_m2.png> <./figures/results_exp3_wl_cluster_placement_fi
gures_strategy_comparison_bar_erdos_renyi_N300_p002.png>]
<figures/results_exp4_effective_strength_candidates_figures_metric_vs_Pwin_scat
ter_ratio_psi_degree_norm.png, id=304, 583.2189pt x 394.8351pt>
File: figures/results_exp4_effective_strength_candidates_figures_metric_vs_Pwin
_scatter_ratio_psi_degree_norm.png Graphic file (type png)
<use figures/results_exp4_effective_strength_candidates_figures_metric_vs_Pwin_
scatter_ratio_psi_degree_norm.png>
Package pdftex.def Info: figures/results_exp4_effective_strength_candidates_fig
ures_metric_vs_Pwin_scatter_ratio_psi_degree_norm.png  used on input line 356.
(pdftex.def)             Requested size: 364.19667pt x 246.56648pt.
 [15 <./figures/results_exp3_wl_cluster_placement_figures_strategy_vs_structura
l_features_erdos_renyi_N300_p002.png>]
<figures/results_exp4_effective_strength_candidates_figures_metric_comparison_s
ummary.png, id=311, 1464.672pt x 342.5598pt>
File: figures/results_exp4_effective_strength_candidates_figures_metric_compari
son_summary.png Graphic file (type png)
<use figures/results_exp4_effective_strength_candidates_figures_metric_comparis
on_summary.png>
Package pdftex.def Info: figures/results_exp4_effective_strength_candidates_fig
ures_metric_comparison_summary.png  used on input line 363.
(pdftex.def)             Requested size: 364.19667pt x 85.17453pt.
<figures/results_exp4_effective_strength_candidates_figures_critical_region_sca
n_ratio_psi_degree_norm_all_graphs.png, id=312, 582.978pt x 409.2891pt>
File: figures/results_exp4_effective_strength_candidates_figures_critical_regio
n_scan_ratio_psi_degree_norm_all_graphs.png Graphic file (type png)
<use figures/results_exp4_effective_strength_candidates_figures_critical_region
_scan_ratio_psi_degree_norm_all_graphs.png>
Package pdftex.def Info: figures/results_exp4_effective_strength_candidates_fig
ures_critical_region_scan_ratio_psi_degree_norm_all_graphs.png  used on input l
ine 372.
(pdftex.def)             Requested size: 218.51521pt x 153.40808pt.
<figures/results_exp4_effective_strength_candidates_figures_minority_dominance_
cases_barabasi_albert.png, id=313, 525.4029pt x 409.2891pt>
File: figures/results_exp4_effective_strength_candidates_figures_minority_domin
ance_cases_barabasi_albert.png Graphic file (type png)
<use figures/results_exp4_effective_strength_candidates_figures_minority_domina
nce_cases_barabasi_albert.png>
Package pdftex.def Info: figures/results_exp4_effective_strength_candidates_fig
ures_minority_dominance_cases_barabasi_albert.png  used on input line 379.
(pdftex.def)             Requested size: 218.51521pt x 170.22652pt.
 [16 <./figures/results_exp4_effective_strength_candidates_figures_metric_vs_Pw
in_scatter_ratio_psi_degree_norm.png> <./figures/results_exp4_effective_strengt
h_candidates_figures_metric_comparison_summary.png>] [17 <./figures/results_exp
4_effective_strength_candidates_figures_critical_region_scan_ratio_psi_degree_n
orm_all_graphs.png> <./figures/results_exp4_effective_strength_candidates_figur
es_minority_dominance_cases_barabasi_albert.png>]
<figures/results_exp5_graph_family_comparison_figures_convergence_speed_by_grap
h_strategy_comparison.png, id=335, 821.7099pt x 351.714pt>
File: figures/results_exp5_graph_family_comparison_figures_convergence_speed_by
_graph_strategy_comparison.png Graphic file (type png)
<use figures/results_exp5_graph_family_comparison_figures_convergence_speed_by_
graph_strategy_comparison.png>
Package pdftex.def Info: figures/results_exp5_graph_family_comparison_figures_c
onvergence_speed_by_graph_strategy_comparison.png  used on input line 425.
(pdftex.def)             Requested size: 364.19667pt x 155.88701pt.
<figures/results_exp5_graph_family_comparison_figures_Pwin_vs_degree_heterogene
ity_strategy_comparison.png, id=336, 587.0733pt x 394.5942pt>
File: figures/results_exp5_graph_family_comparison_figures_Pwin_vs_degree_heter
ogeneity_strategy_comparison.png Graphic file (type png)
<use figures/results_exp5_graph_family_comparison_figures_Pwin_vs_degree_hetero
geneity_strategy_comparison.png>
Package pdftex.def Info: figures/results_exp5_graph_family_comparison_figures_P
win_vs_degree_heterogeneity_strategy_comparison.png  used on input line 432.
(pdftex.def)             Requested size: 364.19667pt x 244.79036pt.
 [18 <./figures/results_exp5_graph_family_comparison_figures_convergence_speed_
by_graph_strategy_comparison.png>]
<figures/results_exp5_graph_family_comparison_figures_magnetization_distributio
n_final_barabasi_albert.png, id=343, 568.524pt x 366.168pt>
File: figures/results_exp5_graph_family_comparison_figures_magnetization_distri
bution_final_barabasi_albert.png Graphic file (type png)
<use figures/results_exp5_graph_family_comparison_figures_magnetization_distrib
ution_final_barabasi_albert.png>
Package pdftex.def Info: figures/results_exp5_graph_family_comparison_figures_m
agnetization_distribution_final_barabasi_albert.png  used on input line 439.
(pdftex.def)             Requested size: 364.19667pt x 234.57579pt.
<figures/results_exp5_graph_family_comparison_figures_network_visualizations_co
mparison.png, id=344, 1074.6549pt x 349.7868pt>
File: figures/results_exp5_graph_family_comparison_figures_network_visualizatio
ns_comparison.png Graphic file (type png)
<use figures/results_exp5_graph_family_comparison_figures_network_visualization
s_comparison.png>
Package pdftex.def Info: figures/results_exp5_graph_family_comparison_figures_n
etwork_visualizations_comparison.png  used on input line 446.
(pdftex.def)             Requested size: 364.19667pt x 118.54164pt.
 [19 <./figures/results_exp5_graph_family_comparison_figures_Pwin_vs_degree_het
erogeneity_strategy_comparison.png> <./figures/results_exp5_graph_family_compar
ison_figures_magnetization_distribution_final_barabasi_albert.png>]
<figures/results_exp5_graph_family_comparison_figures_structural_metrics_by_gra
ph_highest_degree_vs_random.png, id=354, 611.886pt x 351.4731pt>
File: figures/results_exp5_graph_family_comparison_figures_structural_metrics_b
y_graph_highest_degree_vs_random.png Graphic file (type png)
<use figures/results_exp5_graph_family_comparison_figures_structural_metrics_by
_graph_highest_degree_vs_random.png>
Package pdftex.def Info: figures/results_exp5_graph_family_comparison_figures_s
tructural_metrics_by_graph_highest_degree_vs_random.png  used on input line 453
.
(pdftex.def)             Requested size: 364.19667pt x 209.19612pt.

Overfull \hbox (70.1476pt too wide) in paragraph at lines 469--478
 [][] 
 []

[20 <./figures/results_exp5_graph_family_comparison_figures_network_visualizati
ons_comparison.png> <./figures/results_exp5_graph_family_comparison_figures_str
uctural_metrics_by_graph_highest_degree_vs_random.png>] [21] [22] (./main.aux)
 ***********
LaTeX2e <2023-11-01> patch level 1
L3 programming layer <2024-01-22>
 ***********


LaTeX Warning: Label(s) may have changed. Rerun to get cross-references right.

Package rerunfilecheck Info: File `main.out' has not changed.
(rerunfilecheck)             Checksum: 192C5DCA70012C9BCD4E22D10C1C5D73;5882.
 ) 
Here is how much of TeX's memory you used:
 17470 strings out of 476182
 313167 string characters out of 5795595
 1936975 words of memory out of 5000000
 38950 multiletter control sequences out of 15000+600000
 643085 words of font info for 183 fonts, out of 8000000 for 9000
 14 hyphenation exceptions out of 8191
 75i,11n,79p,1289b,606s stack positions out of 10000i,1000n,20000p,200000b,200000s
</usr/share/texmf/fonts/type1/public/lm/lmbx10.pfb></usr/share/texmf/fonts/ty
pe1/public/lm/lmbx12.pfb></usr/share/texmf/fonts/type1/public/lm/lmex10.pfb></u
sr/share/texmf/fonts/type1/public/lm/lmmi12.pfb></usr/share/texmf/fonts/type1/p
ublic/lm/lmmi6.pfb></usr/share/texmf/fonts/type1/public/lm/lmmi8.pfb></usr/shar
e/texmf/fonts/type1/public/lm/lmr10.pfb></usr/share/texmf/fonts/type1/public/lm
/lmr12.pfb></usr/share/texmf/fonts/type1/public/lm/lmr17.pfb></usr/share/texmf/
fonts/type1/public/lm/lmr6.pfb></usr/share/texmf/fonts/type1/public/lm/lmr8.pfb
></usr/share/texmf/fonts/type1/public/lm/lmri12.pfb></usr/share/texmf/fonts/typ
e1/public/lm/lmsy10.pfb></usr/share/texmf/fonts/type1/public/lm/lmsy6.pfb></usr
/share/texmf/fonts/type1/public/lm/lmsy8.pfb>
Output written on main.pdf (22 pages, 8186839 bytes).
PDF statistics:
 477 PDF objects out of 1000 (max. 8388607)
 360 compressed objects within 4 object streams
 103 named destinations out of 1000 (max. 500000)
 47469 words of extra memory for PDF output out of 51595 (max. 10000000)

